000 (499232.000.000) 10/28 17:42:18 Job submitted from host: <144.92.142.172:9620?sock=19151_5432_3>
    DAG Node: 26937.2+26937.2
...
001 (499232.000.000) 10/28 17:43:52 Job executing on host: <128.105.244.57:52007>
...
006 (499232.000.000) 10/28 17:44:00 Image size of job updated: 7
	3  -  MemoryUsage of job (MB)
	2444  -  ResidentSetSize of job (KB)
...
006 (499232.000.000) 10/28 17:44:15 Image size of job updated: 110620
	3  -  MemoryUsage of job (MB)
	2444  -  ResidentSetSize of job (KB)
...
005 (499232.000.000) 10/28 17:44:22 Job terminated.
	(1) Normal termination (return value 0)
		Usr 0 00:00:19, Sys 0 00:00:00  -  Run Remote Usage
		Usr 0 00:00:00, Sys 0 00:00:00  -  Run Local Usage
		Usr 0 00:00:19, Sys 0 00:00:00  -  Total Remote Usage
		Usr 0 00:00:00, Sys 0 00:00:00  -  Total Local Usage
	3017049  -  Run Bytes Sent By Job
	2461098  -  Run Bytes Received By Job
	3017049  -  Total Bytes Sent By Job
	2461098  -  Total Bytes Received By Job
	Partitionable Resources :    Usage  Request Allocated
	   Cpus                 :                 1         1
	   Disk (KB)            :    30505  2000000   2955366
	   Memory (MB)          :        3     2000      2000
...
