_CONDOR_ANCESTOR_22965=25593:1383000232:2132349053
_CONDOR_ANCESTOR_14246=14249:1378393114:3041673559
_CONDOR_ANCESTOR_14249=22965:1383000140:1302387334
TEMP=/var/lib/condor/execute/slot1/dir_22965
_CONDOR_SCRATCH_DIR=/var/lib/condor/execute/slot1/dir_22965
_CONDOR_SLOT=slot1_6
TMPDIR=/var/lib/condor/execute/slot1/dir_22965
_CONDOR_JOB_PIDS=
TMP=/var/lib/condor/execute/slot1/dir_22965
_CONDOR_JOB_AD=/var/lib/condor/execute/slot1/dir_22965/.job.ad
_CONDOR_JOB_IWD=/var/lib/condor/execute/slot1/dir_22965
_CONDOR_MACHINE_AD=/var/lib/condor/execute/slot1/dir_22965/.machine.ad
PATH=/usr/local/bin:/usr/kerberos/bin:/usr/bin:/bin
MachineAdTest: looking for <IsEuclid>
Euclid test returned <no>
Calling curl to fetch chtcinnerwrapper try 0
Curl error <0>
MachineAdTest: looking for <IsEuclid>
Euclid test returned <no>
Trying to open logfile... ChtcWrapper26937.2.out
Done Running chtcinnerwrapper Result was <0>
All went well!
